# JRE version: Java(TM) SE Runtime Environment (21.0.2+13) (build 21.0.2+13-LTS-58)
# Java VM: Java HotSpot(TM) 64-Bit Server VM (21.0.2+13-LTS-58, mixed mode, sharing, tiered, compressed oops, compressed class ptrs, g1 gc, windows-amd64)
GC Precious Log:
 CardTable entry size: 512
 Card Set container configuration: InlinePtr #cards 5 size 8 Array Of Cards #cards 12 size 40 Howl #buckets 4 coarsen threshold 1843 Howl Bitmap #cards 512 size 80 coarsen threshold 460 Card regions per heap region 1 cards per card region 2048
 CPUs: 4 total, 4 available
 Memory: 8026M
 Large Page Support: Disabled
 NUMA Support: Disabled
 Compressed Oops: Enabled (32-bit)
 Heap Region Size: 1M
 Heap Min Capacity: 8M
 Heap Initial Capacity: 126M
 Heap Max Capacity: 2008M
 Pre-touch: Disabled
 Parallel Workers: 4
 Concurrent Workers: 1
 Concurrent Refinement Workers: 4
 Periodic GC: Disabled
Heap:
 garbage-first heap   total 102400K, used 87708K [0x0000000082800000, 0x0000000100000000)
  region size 1024K, 52 young (53248K), 5 survivors (5120K)
 Metaspace       used 92279K, committed 93120K, reserved 1179648K
  class space    used 11732K, committed 12096K, reserved 1048576K
GC Heap History (20 events):
Event: 239.801 GC heap after
{Heap after GC invocations=38 (full 2):
 garbage-first heap   total 102400K, used 33712K [0x0000000082800000, 0x0000000100000000)
  region size 1024K, 0 young (0K), 0 survivors (0K)
 Metaspace       used 88061K, committed 88832K, reserved 1179648K
  class space    used 11562K, committed 11904K, reserved 1048576K
}
Event: 241.422 GC heap before
{Heap before GC invocations=38 (full 2):
 garbage-first heap   total 102400K, used 85936K [0x0000000082800000, 0x0000000100000000)
  region size 1024K, 52 young (53248K), 0 survivors (0K)
 Metaspace       used 88675K, committed 89472K, reserved 1179648K
  class space    used 11587K, committed 11904K, reserved 1048576K
}
Event: 241.427 GC heap after
{Heap after GC invocations=39 (full 2):
 garbage-first heap   total 102400K, used 38228K [0x0000000082800000, 0x0000000100000000)
  region size 1024K, 5 young (5120K), 5 survivors (5120K)
 Metaspace       used 88675K, committed 89472K, reserved 1179648K
  class space    used 11587K, committed 11904K, reserved 1048576K
}
Event: 262.451 GC heap before
{Heap before GC invocations=39 (full 2):
 garbage-first heap   total 102400K, used 87380K [0x0000000082800000, 0x0000000100000000)
  region size 1024K, 53 young (54272K), 5 survivors (5120K)
 Metaspace       used 89186K, committed 89984K, reserved 1179648K
  class space    used 11600K, committed 11968K, reserved 1048576K
}
Event: 262.463 GC heap after
{Heap after GC invocations=40 (full 2):
 garbage-first heap   total 102400K, used 41494K [0x0000000082800000, 0x0000000100000000)
  region size 1024K, 5 young (5120K), 5 survivors (5120K)
 Metaspace       used 89186K, committed 89984K, reserved 1179648K
  class space    used 11600K, committed 11968K, reserved 1048576K
}
Event: 375.872 GC heap before
{Heap before GC invocations=40 (full 2):
 garbage-first heap   total 102400K, used 66070K [0x0000000082800000, 0x0000000100000000)
  region size 1024K, 31 young (31744K), 5 survivors (5120K)
 Metaspace       used 89544K, committed 90368K, reserved 1179648K
  class space    used 11603K, committed 11968K, reserved 1048576K
}
Event: 375.962 GC heap after
{Heap after GC invocations=41 (full 3):
 garbage-first heap   total 102400K, used 34053K [0x0000000082800000, 0x0000000100000000)
  region size 1024K, 0 young (0K), 0 survivors (0K)
 Metaspace       used 89534K, committed 90368K, reserved 1179648K
  class space    used 11601K, committed 11968K, reserved 1048576K
}
Event: 377.419 GC heap before
{Heap before GC invocations=41 (full 3):
 garbage-first heap   total 102400K, used 85253K [0x0000000082800000, 0x0000000100000000)
  region size 1024K, 51 young (52224K), 0 survivors (0K)
 Metaspace       used 89940K, committed 90688K, reserved 1179648K
  class space    used 11625K, committed 11968K, reserved 1048576K
}
Event: 377.425 GC heap after
{Heap after GC invocations=42 (full 3):
 garbage-first heap   total 102400K, used 39173K [0x0000000082800000, 0x0000000100000000)
  region size 1024K, 5 young (5120K), 5 survivors (5120K)
 Metaspace       used 89940K, committed 90688K, reserved 1179648K
  class space    used 11625K, committed 11968K, reserved 1048576K
}
Event: 387.603 GC heap before
{Heap before GC invocations=42 (full 3):
 garbage-first heap   total 102400K, used 80133K [0x0000000082800000, 0x0000000100000000)
  region size 1024K, 46 young (47104K), 5 survivors (5120K)
 Metaspace       used 90316K, committed 91136K, reserved 1179648K
  class space    used 11641K, committed 12032K, reserved 1048576K
}
Event: 387.686 GC heap after
{Heap after GC invocations=43 (full 4):
 garbage-first heap   total 102400K, used 31384K [0x0000000082800000, 0x0000000100000000)
  region size 1024K, 0 young (0K), 0 survivors (0K)
 Metaspace       used 90307K, committed 91136K, reserved 1179648K
  class space    used 11639K, committed 12032K, reserved 1048576K
}
Event: 388.633 GC heap before
{Heap before GC invocations=43 (full 4):
 garbage-first heap   total 102400K, used 84632K [0x0000000082800000, 0x0000000100000000)
  region size 1024K, 53 young (54272K), 0 survivors (0K)
 Metaspace       used 90723K, committed 91520K, reserved 1179648K
  class space    used 11664K, committed 12032K, reserved 1048576K
}
Event: 388.640 GC heap after
{Heap after GC invocations=44 (full 4):
 garbage-first heap   total 102400K, used 35918K [0x0000000082800000, 0x0000000100000000)
  region size 1024K, 5 young (5120K), 5 survivors (5120K)
 Metaspace       used 90723K, committed 91520K, reserved 1179648K
  class space    used 11664K, committed 12032K, reserved 1048576K
}
Event: 423.800 GC heap before
{Heap before GC invocations=44 (full 4):
 garbage-first heap   total 102400K, used 87118K [0x0000000082800000, 0x0000000100000000)
  region size 1024K, 55 young (56320K), 5 survivors (5120K)
 Metaspace       used 91225K, committed 91968K, reserved 1179648K
  class space    used 11678K, committed 12032K, reserved 1048576K
}
Event: 423.812 GC heap after
{Heap after GC invocations=45 (full 4):
 garbage-first heap   total 102400K, used 39228K [0x0000000082800000, 0x0000000100000000)
  region size 1024K, 5 young (5120K), 5 survivors (5120K)
 Metaspace       used 91225K, committed 91968K, reserved 1179648K
  class space    used 11678K, committed 12032K, reserved 1048576K
}
Event: 643.734 GC heap before
{Heap before GC invocations=45 (full 4):
 garbage-first heap   total 102400K, used 67900K [0x0000000082800000, 0x0000000100000000)
  region size 1024K, 35 young (35840K), 5 survivors (5120K)
 Metaspace       used 91577K, committed 92416K, reserved 1179648K
  class space    used 11692K, committed 12096K, reserved 1048576K
}
Event: 643.828 GC heap after
{Heap after GC invocations=46 (full 5):
 garbage-first heap   total 102400K, used 34703K [0x0000000082800000, 0x0000000100000000)
  region size 1024K, 0 young (0K), 0 survivors (0K)
 Metaspace       used 91568K, committed 92416K, reserved 1179648K
  class space    used 11690K, committed 12096K, reserved 1048576K
}
Event: 645.404 GC heap before
{Heap before GC invocations=46 (full 5):
 garbage-first heap   total 102400K, used 85903K [0x0000000082800000, 0x0000000100000000)
  region size 1024K, 51 young (52224K), 0 survivors (0K)
 Metaspace       used 91889K, committed 92736K, reserved 1179648K
  class space    used 11713K, committed 12096K, reserved 1048576K
}
Event: 645.411 GC heap after
{Heap after GC invocations=47 (full 5):
 garbage-first heap   total 102400K, used 39580K [0x0000000082800000, 0x0000000100000000)
  region size 1024K, 5 young (5120K), 5 survivors (5120K)
 Metaspace       used 91889K, committed 92736K, reserved 1179648K
  class space    used 11713K, committed 12096K, reserved 1048576K
}
Event: 719.647 GC heap before
{Heap before GC invocations=47 (full 5):
 garbage-first heap   total 102400K, used 86684K [0x0000000082800000, 0x0000000100000000)
  region size 1024K, 52 young (53248K), 5 survivors (5120K)
 Metaspace       used 92279K, committed 93120K, reserved 1179648K
  class space    used 11732K, committed 12096K, reserved 1048576K
}

